<?xml version="1.0" encoding="UTF-8"?>
<coverage generated="1478568941066" clover="3.2.0">
  <project timestamp="1478568941067" name="All files">
    <metrics statements="17" coveredstatements="17" conditionals="2" coveredconditionals="2" methods="6" coveredmethods="6" elements="25" coveredelements="25" complexity="0" loc="17" ncloc="17" packages="2" files="2" classes="2">
      <package name="frontend.components">
        <metrics statements="8" coveredstatements="8" conditionals="2" coveredconditionals="2" methods="4" coveredmethods="4"/>
        <file name="example.js" path="/Users/JameStewartJr/Documents/Projects/devspace/lizardboard/frontend/components/example.js">
          <metrics statements="8" coveredstatements="8" conditionals="2" coveredconditionals="2" methods="4" coveredmethods="4"/>
          <line num="3" count="1" type="stmt"/>
          <line num="11" count="2" type="stmt"/>
          <line num="13" count="2" type="stmt"/>
          <line num="14" count="2" type="stmt"/>
          <line num="16" count="2" type="stmt"/>
          <line num="22" count="1" type="stmt"/>
          <line num="26" count="1" type="stmt"/>
          <line num="30" count="4" type="stmt"/>
        </file>
      </package>
      <package name="routes">
        <metrics statements="9" coveredstatements="9" conditionals="0" coveredconditionals="0" methods="2" coveredmethods="2"/>
        <file name="example_route.js" path="/Users/JameStewartJr/Documents/Projects/devspace/lizardboard/routes/example_route.js">
          <metrics statements="9" coveredstatements="9" conditionals="0" coveredconditionals="0" methods="2" coveredmethods="2"/>
          <line num="1" count="1" type="stmt"/>
          <line num="3" count="1" type="stmt"/>
          <line num="6" count="1" type="stmt"/>
          <line num="7" count="1" type="stmt"/>
          <line num="13" count="1" type="stmt"/>
          <line num="32" count="1" type="stmt"/>
          <line num="34" count="1" type="stmt"/>
          <line num="35" count="1" type="stmt"/>
          <line num="60" count="1" type="stmt"/>
        </file>
      </package>
    </metrics>
  </project>
</coverage>
