{"/Users/JameStewartJr/Documents/Projects/devspace/lizardboard/sum.js": {"path":"/Users/JameStewartJr/Documents/Projects/devspace/lizardboard/sum.js","statementMap":{"0":{"start":{"line":1,"column":0},"end":{"line":1,"column":33}},"1":{"start":{"line":1,"column":27},"end":{"line":1,"column":32}}},"fnMap":{"0":{"name":"(anonymous_0)","decl":{"start":{"line":1,"column":17},"end":{"line":1,"column":18}},"loc":{"start":{"line":1,"column":27},"end":{"line":1,"column":32}}}},"branchMap":{},"s":{"0":1,"1":1},"f":{"0":1},"b":{},"_coverageSchema":"332fd63041d2c1bcb487cc26dd0d5f7d97098a6c","hash":"ab2f06f2d5e60f9b4ec6dab2f79e65b627a0bd6e"}
}
