TN:
SF:/Users/JameStewartJr/Documents/Projects/devspace/lizardboard/frontend/components/example.js
FN:10,(anonymous_0)
FN:21,(anonymous_1)
FN:25,(anonymous_2)
FN:29,(anonymous_3)
FNF:4
FNH:4
FNDA:2,(anonymous_0)
FNDA:1,(anonymous_1)
FNDA:1,(anonymous_2)
FNDA:4,(anonymous_3)
DA:3,1
DA:11,2
DA:13,2
DA:14,2
DA:16,2
DA:22,1
DA:26,1
DA:30,4
LF:8
LH:8
BRDA:33,0,0,4
BRDA:33,0,1,1
BRF:2
BRH:2
end_of_record
TN:
SF:/Users/JameStewartJr/Documents/Projects/devspace/lizardboard/routes/example_route.js
FN:6,(anonymous_0)
FN:13,(anonymous_1)
FNF:2
FNH:2
FNDA:1,(anonymous_0)
FNDA:1,(anonymous_1)
DA:1,1
DA:3,1
DA:6,1
DA:7,1
DA:13,1
DA:32,1
DA:34,1
DA:35,1
DA:60,1
LF:9
LH:9
BRF:0
BRH:0
end_of_record
